#
# A fatal error has been detected by the Java Runtime Environment:
#
#  SIGFPE (0x8) at pc=0x000000010f5fa8c8, pid=75920, tid=0x0000000000002503
#
# JRE version: Java(TM) SE Runtime Environment (8.0_281-b09) (build 1.8.0_281-b09)
# Java VM: Java HotSpot(TM) 64-Bit Server VM (25.281-b09 mixed mode bsd-amd64 compressed oops)
# Problematic frame:
# j  exception.ExceptionTest.main([Ljava/lang/String;)V+21
#
# Failed to write core dump. Core dumps have been disabled. To enable core dumping, try "ulimit -c unlimited" before starting Java again
#
# If you would like to submit a bug report, please visit:
#   http://bugreport.java.com/bugreport/crash.jsp
#

---------------  T H R E A D  ---------------

Current thread (0x00007f959080d000):  JavaThread "main" [_thread_in_Java, id=9475, stack(0x0000000305e46000,0x0000000305f46000)]

siginfo: si_signo: 8 (SIGFPE), si_code: 5 (FPE_FLTINV), si_addr: 0x000000010f5fa8c8

Registers:
RAX=0x0000000000000006, RBX=0x000000000000006c, RCX=0x0000000000000000, RDX=0x0000000000000000
RSP=0x0000000305f459c8, RBP=0x0000000305f45a08, RSI=0x0000000305f45958, RDI=0x000000010f5e62bd
R8 =0x0000000000000042, R9 =0x000000076ab1b628, R10=0x000000010df30c70, R11=0x0000000305f45550
R12=0x0000000000000000, R13=0x0000000127f35413, R14=0x0000000305f45a38, R15=0x00007f959080d000
RIP=0x000000010f5fa8c8, EFLAGS=0x0000000000000a87, ERR=0x0000000000000000
  TRAPNO=0x0000000000000000

Top of Stack: (sp=0x0000000305f459c8)
0x0000000305f459c8:   0000000305f459c8 0000000127f3540d
0x0000000305f459d8:   0000000305f45a38 0000000127f35548
0x0000000305f459e8:   0000000000000000 0000000127f354d0
0x0000000305f459f8:   0000000000000000 0000000305f45a38
0x0000000305f45a08:   0000000305f45aa0 000000010f5de7a7
0x0000000305f45a18:   0000000000000000 0000000000000000
0x0000000305f45a28:   0000000000000000 000000000000000a
0x0000000305f45a38:   000000076ab6ae80 00007f9500001fa0
0x0000000305f45a48:   00007f959080d000 00007f959080d000
0x0000000305f45a58:   0000000305f45e70 0000000127f354d0
0x0000000305f45a68:   0000000000000001 0000000305f45b18
0x0000000305f45a78:   0000000305f45e78 000000000000000a
0x0000000305f45a88:   0000000127f354d0 000000010f5f1600
0x0000000305f45a98:   0000000305f45cd0 0000000305f45c10
0x0000000305f45aa8:   000000010dad5599 0000000000000001
0x0000000305f45ab8:   00007f959080d000 ffffffffffffffff
0x0000000305f45ac8:   00007f959080d000 00007f958f509f20
0x0000000305f45ad8:   00007f958f50a350 00007f958f50a360
0x0000000305f45ae8:   00007f958f50a438 00000000000000d8
0x0000000305f45af8:   00007f958f509f60 0000000305f45b40
0x0000000305f45b08:   0000000c6e5700f2 0000000305f45b70
0x0000000305f45b18:   00007f959080d000 00007f958f50b0c0
0x0000000305f45b28:   0000000127f354d0 0000000000000000
0x0000000305f45b38:   0000000000000000 0000000000000000
0x0000000305f45b48:   0000000000000000 0000000305f45e70
0x0000000305f45b58:   000000010f5f1600 000000010f5de71f
0x0000000305f45b68:   000000010dd06c14 0000000305f45bc0
0x0000000305f45b78:   0000000127f354d0 00007f959080d000
0x0000000305f45b88:   0000000127f354d0 00007f959080d000
0x0000000305f45b98:   0000000127f354d0 00007f959080d000
0x0000000305f45ba8:   0000000127f354d0 0000000305f45bd0
0x0000000305f45bb8:   0000000a6e5700f2 0000000305f45c28 

Instructions: (pc=0x000000010f5fa8c8)
0x000000010f5fa8a8:   c8 8b 04 24 48 83 c4 08 81 f8 00 00 00 80 0f 85
0x000000010f5fa8b8:   0b 00 00 00 33 d2 83 f9 ff 0f 84 03 00 00 00 99
0x000000010f5fa8c8:   f7 f9 41 0f b6 5d 01 49 ff c5 49 ba 70 0c f3 0d
0x000000010f5fa8d8:   01 00 00 00 41 ff 24 da 80 00 00 00 00 00 00 00 

Register to memory mapping:

RAX=0x0000000000000006 is an unknown value
RBX=0x000000000000006c is an unknown value
RCX=0x0000000000000000 is an unknown value
RDX=0x0000000000000000 is an unknown value
RSP=0x0000000305f459c8 is pointing into the stack for thread: 0x00007f959080d000
RBP=0x0000000305f45a08 is pointing into the stack for thread: 0x00007f959080d000
RSI=0x0000000305f45958 is pointing into the stack for thread: 0x00007f959080d000
RDI=0x000000010f5e62bd is at code_begin+2301 in an Interpreter codelet
invoke return entry points  [0x000000010f5e59c0, 0x000000010f5e63a0]  2528 bytes
R8 =0x0000000000000042 is an unknown value
R9 =0x000000076ab1b628 is an oop
java.io.FileDescriptor 
 - klass: 'java/io/FileDescriptor'
R10=0x000000010df30c70: _ZN19TemplateInterpreter13_active_tableE+0x2000 in /Library/Internet Plug-Ins/JavaAppletPlugin.plugin/Contents/Home/lib/server/libjvm.dylib at 0x000000010d800000
R11=0x0000000305f45550 is pointing into the stack for thread: 0x00007f959080d000
R12=0x0000000000000000 is an unknown value
R13=0x0000000127f35413 is pointing into metadata
R14=0x0000000305f45a38 is pointing into the stack for thread: 0x00007f959080d000
R15=0x00007f959080d000 is a thread


Stack: [0x0000000305e46000,0x0000000305f46000],  sp=0x0000000305f459c8,  free space=1022k
Native frames: (J=compiled Java code, j=interpreted, Vv=VM code, C=native code)
j  exception.ExceptionTest.main([Ljava/lang/String;)V+21
v  ~StubRoutines::call_stub
V  [libjvm.dylib+0x2d5599]
V  [libjvm.dylib+0x30662f]
V  [libjvm.dylib+0x309cdf]
C  [java+0x316c]  JavaMain+0x9dc
C  [libsystem_pthread.dylib+0x6950]  _pthread_start+0xe0
C  [libsystem_pthread.dylib+0x247b]  thread_start+0xf
C  0x0000000000000000


---------------  P R O C E S S  ---------------

Java Threads: ( => current thread )
  0x00007f958f884000 JavaThread "Service Thread" daemon [_thread_blocked, id=41479, stack(0x000000030708a000,0x000000030718a000)]
  0x00007f958f84b800 JavaThread "C1 CompilerThread3" daemon [_thread_blocked, id=22787, stack(0x0000000306f87000,0x0000000307087000)]
  0x00007f958f84a800 JavaThread "C2 CompilerThread2" daemon [_thread_blocked, id=22531, stack(0x0000000306e84000,0x0000000306f84000)]
  0x00007f958f84a000 JavaThread "C2 CompilerThread1" daemon [_thread_blocked, id=42499, stack(0x0000000306d81000,0x0000000306e81000)]
  0x00007f958f848000 JavaThread "C2 CompilerThread0" daemon [_thread_blocked, id=22019, stack(0x0000000306c7e000,0x0000000306d7e000)]
  0x00007f958f847800 JavaThread "Signal Dispatcher" daemon [_thread_blocked, id=43011, stack(0x0000000306b7b000,0x0000000306c7b000)]
  0x00007f959085a800 JavaThread "Finalizer" daemon [_thread_blocked, id=19227, stack(0x0000000306967000,0x0000000306a67000)]
  0x00007f9590852000 JavaThread "Reference Handler" daemon [_thread_blocked, id=14371, stack(0x0000000306864000,0x0000000306964000)]
=>0x00007f959080d000 JavaThread "main" [_thread_in_Java, id=9475, stack(0x0000000305e46000,0x0000000305f46000)]

Other Threads:
  0x00007f959084d800 VMThread [stack: 0x0000000306761000,0x0000000306861000] [id=19715]
  0x00007f958f80f000 WatcherThread [stack: 0x000000030718d000,0x000000030728d000] [id=24323]

VM state:not at safepoint (normal execution)

VM Mutex/Monitor currently owned by a thread: None

heap address: 0x00000006c0000000, size: 4096 MB, Compressed Oops mode: Zero based, Oop shift amount: 3
Narrow klass base: 0x0000000000000000, Narrow klass shift: 3
Compressed class space size: 1073741824 Address: 0x00000007c0000000

Heap:
 PSYoungGen      total 76288K, used 2621K [0x000000076ab00000, 0x0000000770000000, 0x00000007c0000000)
  eden space 65536K, 4% used [0x000000076ab00000,0x000000076ad8f5e8,0x000000076eb00000)
  from space 10752K, 0% used [0x000000076f580000,0x000000076f580000,0x0000000770000000)
  to   space 10752K, 0% used [0x000000076eb00000,0x000000076eb00000,0x000000076f580000)
 ParOldGen       total 175104K, used 0K [0x00000006c0000000, 0x00000006cab00000, 0x000000076ab00000)
  object space 175104K, 0% used [0x00000006c0000000,0x00000006c0000000,0x00000006cab00000)
 Metaspace       used 2530K, capacity 4486K, committed 4864K, reserved 1056768K
  class space    used 269K, capacity 386K, committed 512K, reserved 1048576K

Card table byte_map: [0x000000011e5de000,0x000000011eddf000] byte_map_base: 0x000000011afde000

Marking Bits: (ParMarkBitMap*) 0x000000010df28488
 Begin Bits: [0x000000011f335000, 0x0000000123335000)
 End Bits:   [0x0000000123335000, 0x0000000127335000)

Polling page: 0x0000000109112000

CodeCache: size=245760Kb used=1090Kb max_used=1090Kb free=244669Kb
 bounds [0x000000010f5de000, 0x000000010f84e000, 0x000000011e5de000]
 total_blobs=243 nmethods=14 adapters=145
 compilation: enabled

Compilation events (10 events):
Event: 0.120 Thread 0x00007f958f84b800   10       3       java.lang.StringBuilder::append (8 bytes)
Event: 0.120 Thread 0x00007f958f84b800 nmethod 10 0x000000010f6ecad0 code [0x000000010f6ecc80, 0x000000010f6ed218]
Event: 0.120 Thread 0x00007f958f84b800   11       3       java.lang.AbstractStringBuilder::append (29 bytes)
Event: 0.121 Thread 0x00007f958f84b800 nmethod 11 0x000000010f6ed550 code [0x000000010f6ed700, 0x000000010f6edc38]
Event: 0.121 Thread 0x00007f958f84b800   12       3       java.lang.String::getChars (62 bytes)
Event: 0.121 Thread 0x00007f958f84b800 nmethod 12 0x000000010f6eded0 code [0x000000010f6ee080, 0x000000010f6ee4b8]
Event: 0.121 Thread 0x00007f958f84b800   13       1       java.lang.ThreadLocal::access$400 (5 bytes)
Event: 0.121 Thread 0x00007f958f84b800 nmethod 13 0x000000010f6e8a10 code [0x000000010f6e8b60, 0x000000010f6e8c50]
Event: 0.121 Thread 0x00007f958f84b800   14       1       java.lang.ref.Reference::get (5 bytes)
Event: 0.121 Thread 0x00007f958f84b800 nmethod 14 0x000000010f6eb590 code [0x000000010f6eb6e0, 0x000000010f6eb7f0]

GC Heap History (0 events):
No events

Deoptimization events (0 events):
No events

Classes redefined (0 events):
No events

Internal exceptions (2 events):
Event: 0.062 Thread 0x00007f959080d000 Exception <a 'java/lang/NoSuchMethodError': Method sun.misc.Unsafe.defineClass(Ljava/lang/String;[BII)Ljava/lang/Class; name or signature does not match> (0x000000076ab07cc0) thrown at [/jenkins/workspace/8-2-build-macosx-x86_64/jdk8u281/880/hotspot/src/s
Event: 0.063 Thread 0x00007f959080d000 Exception <a 'java/lang/NoSuchMethodError': Method sun.misc.Unsafe.prefetchRead(Ljava/lang/Object;J)V name or signature does not match> (0x000000076ab07fa8) thrown at [/jenkins/workspace/8-2-build-macosx-x86_64/jdk8u281/880/hotspot/src/share/vm/prims/jni.

Events (10 events):
Event: 0.125 loading class java/security/UnresolvedPermission
Event: 0.125 loading class java/security/UnresolvedPermission done
Event: 0.125 loading class java/security/BasicPermissionCollection
Event: 0.125 loading class java/security/BasicPermissionCollection done
Event: 0.126 loading class sun/launcher/LauncherHelper$FXHelper
Event: 0.126 loading class sun/launcher/LauncherHelper$FXHelper done
Event: 0.126 loading class java/lang/Class$MethodArray
Event: 0.126 loading class java/lang/Class$MethodArray done
Event: 0.127 loading class java/lang/Void
Event: 0.127 loading class java/lang/Void done


Dynamic libraries:
0x00007ffdfff30000 	/Library/Apple/usr/libexec/oah/runtime
0x00007fff35283000 	/System/Library/Frameworks/Cocoa.framework/Versions/A/Cocoa
0x00007fff22128000 	/System/Library/Frameworks/Security.framework/Versions/A/Security
0x00007fff33480000 	/System/Library/Frameworks/ApplicationServices.framework/Versions/A/ApplicationServices
0x00007fff2a5d1000 	/usr/lib/libz.1.dylib
0x00007fff2a69d000 	/usr/lib/libSystem.B.dylib
0x00007fff203b9000 	/System/Library/Frameworks/CoreFoundation.framework/Versions/A/CoreFoundation
0x00007fff2109b000 	/System/Library/Frameworks/Foundation.framework/Versions/C/Foundation
0x00007fff201d8000 	/usr/lib/libobjc.A.dylib
0x00007fff22b4f000 	/System/Library/Frameworks/AppKit.framework/Versions/C/AppKit
0x00007fff25a0d000 	/System/Library/Frameworks/CoreData.framework/Versions/A/CoreData
0x00007fff238b2000 	/System/Library/PrivateFrameworks/UIFoundation.framework/Versions/A/UIFoundation
0x00007fff2fe5f000 	/System/Library/PrivateFrameworks/RemoteViewServices.framework/Versions/A/RemoteViewServices
0x00007fff28be9000 	/System/Library/PrivateFrameworks/XCTTargetBootstrap.framework/Versions/A/XCTTargetBootstrap
0x00007fff2b93b000 	/usr/lib/libspindump.dylib
0x00007fff23b07000 	/System/Library/Frameworks/UniformTypeIdentifiers.framework/Versions/A/UniformTypeIdentifiers
0x00007fff273bf000 	/usr/lib/libapp_launch_measurement.dylib
0x00007fff273c2000 	/System/Library/PrivateFrameworks/CoreAutoLayout.framework/Versions/A/CoreAutoLayout
0x00007fff2854b000 	/System/Library/Frameworks/Metal.framework/Versions/A/Metal
0x00007fff29242000 	/usr/lib/liblangid.dylib
0x00007fff28bed000 	/System/Library/PrivateFrameworks/CoreSVG.framework/Versions/A/CoreSVG
0x00007fff24aee000 	/System/Library/PrivateFrameworks/SkyLight.framework/Versions/A/SkyLight
0x00007fff24e55000 	/System/Library/Frameworks/CoreGraphics.framework/Versions/A/CoreGraphics
0x00007fff304b6000 	/System/Library/Frameworks/Accelerate.framework/Versions/A/Accelerate
0x00007fff2b376000 	/System/Library/PrivateFrameworks/IconServices.framework/Versions/A/IconServices
0x00007fff28530000 	/System/Library/Frameworks/IOSurface.framework/Versions/A/IOSurface
0x00007fff2639f000 	/usr/lib/libDiagnosticMessagesClient.dylib
0x00007fff28bd5000 	/System/Library/PrivateFrameworks/DFRFoundation.framework/Versions/A/DFRFoundation
0x00007fff2247a000 	/usr/lib/libicucore.A.dylib
0x00007fff2ce80000 	/System/Library/Frameworks/AudioToolbox.framework/Versions/A/AudioToolbox
0x00007fff2c125000 	/System/Library/PrivateFrameworks/DataDetectorsCore.framework/Versions/A/DataDetectorsCore
0x00007fff288d5000 	/System/Library/Frameworks/Carbon.framework/Versions/A/Frameworks/HIToolbox.framework/Versions/A/HIToolbox
0x00007fff26e1a000 	/System/Library/Frameworks/QuartzCore.framework/Versions/A/QuartzCore
0x00007fff2fe9b000 	/System/Library/Frameworks/Carbon.framework/Versions/A/Frameworks/SpeechRecognition.framework/Versions/A/SpeechRecognition
0x00007fff27127000 	/System/Library/PrivateFrameworks/CoreUI.framework/Versions/A/CoreUI
0x00007fff21a83000 	/System/Library/Frameworks/CoreAudio.framework/Versions/A/CoreAudio
0x00007fff2648a000 	/System/Library/Frameworks/DiskArbitration.framework/Versions/A/DiskArbitration
0x00007fff2bd35000 	/System/Library/PrivateFrameworks/MultitouchSupport.framework/Versions/A/MultitouchSupport
0x00007fff2c11c000 	/System/Library/PrivateFrameworks/InternationalSupport.framework/Versions/A/InternationalSupport
0x00007fff24a62000 	/usr/lib/libenergytrace.dylib
0x00007fff22a48000 	/System/Library/Frameworks/IOKit.framework/Versions/A/IOKit
0x00007fff301e8000 	/System/Library/Frameworks/CoreServices.framework/Versions/A/CoreServices
0x00007fff27355000 	/System/Library/PrivateFrameworks/PerformanceAnalysis.framework/Versions/A/PerformanceAnalysis
0x00007fff6cb5d000 	/System/Library/Frameworks/OpenGL.framework/Versions/A/OpenGL
0x00007fff2c1a1000 	/System/Library/PrivateFrameworks/UserActivity.framework/Versions/A/UserActivity
0x00007fff2550f000 	/System/Library/Frameworks/ColorSync.framework/Versions/A/ColorSync
0x00007fff28e59000 	/System/Library/Frameworks/CoreImage.framework/Versions/A/CoreImage
0x00007fff2189a000 	/System/Library/Frameworks/CoreText.framework/Versions/A/CoreText
0x00007fff28c17000 	/System/Library/Frameworks/ImageIO.framework/Versions/A/ImageIO
0x00007fff2a6a3000 	/System/Library/PrivateFrameworks/SoftLinking.framework/Versions/A/SoftLinking
0x00007fff2740b000 	/usr/lib/libxml2.2.dylib
0x00007fff2029e000 	/usr/lib/libc++.1.dylib
0x00007fff2a915000 	/usr/lib/libcompression.dylib
0x00007fff24a63000 	/usr/lib/libMobileGestalt.dylib
0x00007fff2c04f000 	/System/Library/PrivateFrameworks/TextureIO.framework/Versions/A/TextureIO
0x00007fff2b003000 	/usr/lib/libate.dylib
0x00007fff2a697000 	/usr/lib/system/libcache.dylib
0x00007fff2a653000 	/usr/lib/system/libcommonCrypto.dylib
0x00007fff2a67d000 	/usr/lib/system/libcompiler_rt.dylib
0x00007fff2a672000 	/usr/lib/system/libcopyfile.dylib
0x00007fff200c6000 	/usr/lib/system/libcorecrypto.dylib
0x00007fff20193000 	/usr/lib/system/libdispatch.dylib
0x00007fff20348000 	/usr/lib/system/libdyld.dylib
0x00007fff2a68e000 	/usr/lib/system/libkeymgr.dylib
0x00007fff2dc32000 	/usr/lib/system/liblaunch.dylib
0x00007fff2a631000 	/usr/lib/system/libmacho.dylib
0x00007fff29e46000 	/usr/lib/system/libquarantine.dylib
0x00007fff2a68b000 	/usr/lib/system/libremovefile.dylib
0x00007fff24abf000 	/usr/lib/system/libsystem_asl.dylib
0x00007fff20076000 	/usr/lib/system/libsystem_blocks.dylib
0x00007fff20215000 	/usr/lib/system/libsystem_c.dylib
0x00007fff2a685000 	/usr/lib/system/libsystem_collections.dylib
0x00007fff29233000 	/usr/lib/system/libsystem_configuration.dylib
0x00007fff2851f000 	/usr/lib/system/libsystem_containermanager.dylib
0x00007fff2a3c9000 	/usr/lib/system/libsystem_coreservices.dylib
0x00007fff226dc000 	/usr/lib/system/libsystem_darwin.dylib
0x00007fff2a68f000 	/usr/lib/system/libsystem_dnssd.dylib
0x00007fff20212000 	/usr/lib/system/libsystem_featureflags.dylib
0x00007fff2038d000 	/usr/lib/system/libsystem_info.dylib
0x00007fff2a5e4000 	/usr/lib/system/libsystem_m.dylib
0x00007fff20166000 	/usr/lib/system/libsystem_malloc.dylib
0x00007fff24a53000 	/usr/lib/system/libsystem_networkextension.dylib
0x00007fff22af7000 	/usr/lib/system/libsystem_notify.dylib
0x00007fff300e6000 	/usr/lib/system/libsystem_product_info_filter.dylib
0x00007fff29237000 	/usr/lib/system/libsystem_sandbox.dylib
0x00007fff2a688000 	/usr/lib/system/libsystem_secinit.dylib
0x00007fff2030d000 	/usr/lib/system/libsystem_kernel.dylib
0x00007fff20383000 	/usr/lib/system/libsystem_platform.dylib
0x00007fff2033c000 	/usr/lib/system/libsystem_pthread.dylib
0x00007fff261ed000 	/usr/lib/system/libsystem_symptoms.dylib
0x00007fff200ae000 	/usr/lib/system/libsystem_trace.dylib
0x00007fff2a65f000 	/usr/lib/system/libunwind.dylib
0x00007fff20078000 	/usr/lib/system/libxpc.dylib
0x00007fff202f4000 	/usr/lib/libc++abi.dylib
0x00007fff2a66a000 	/usr/lib/liboah.dylib
0x00007fff2ad2e000 	/usr/lib/liblzma.5.dylib
0x00007fff20daf000 	/System/Library/Frameworks/SystemConfiguration.framework/Versions/A/SystemConfiguration
0x00007fff2a69f000 	/usr/lib/libfakelink.dylib
0x00007fff245b5000 	/System/Library/Frameworks/CFNetwork.framework/Versions/A/CFNetwork
0x00007fff2a7df000 	/usr/lib/libarchive.2.dylib
0x00007fff20e2d000 	/usr/lib/libCRFSuite.dylib
0x00007fff29e6d000 	/usr/lib/libbsm.0.dylib
0x00007fff23f71000 	/usr/lib/libnetwork.dylib
0x00007fff2a6a4000 	/usr/lib/libpcap.A.dylib
0x00007fff261e6000 	/usr/lib/libdns_services.dylib
0x00007fff2ad47000 	/usr/lib/libcoretls_cfhelpers.dylib
0x00007fff2a8e3000 	/usr/lib/libapple_nghttp2.dylib
0x00007fff2a637000 	/usr/lib/system/libkxld.dylib
0x00007fff25e54000 	/usr/lib/libsqlite3.dylib
0x00007fff2a3ab000 	/System/Library/PrivateFrameworks/AppleFSCompression.framework/Versions/A/AppleFSCompression
0x00007fff29e55000 	/usr/lib/libcoretls.dylib
0x00007fff2a910000 	/usr/lib/libpam.2.dylib
0x00007fff2ae44000 	/usr/lib/libxar.1.dylib
0x00007fff2923e000 	/System/Library/PrivateFrameworks/AppleSystemInfo.framework/Versions/A/AppleSystemInfo
0x00007fff29a98000 	/System/Library/PrivateFrameworks/IOMobileFramebuffer.framework/Versions/A/IOMobileFramebuffer
0x00007fff2a3bb000 	/usr/lib/libbz2.1.0.dylib
0x00007fff2a6dc000 	/usr/lib/libiconv.2.dylib
0x00007fff2a630000 	/usr/lib/libcharset.1.dylib
0x00007fff27391000 	/System/Library/Frameworks/CoreServices.framework/Versions/A/Frameworks/FSEvents.framework/Versions/A/FSEvents
0x00007fff226e6000 	/System/Library/Frameworks/CoreServices.framework/Versions/A/Frameworks/CarbonCore.framework/Versions/A/CarbonCore
0x00007fff263ef000 	/System/Library/Frameworks/CoreServices.framework/Versions/A/Frameworks/Metadata.framework/Versions/A/Metadata
0x00007fff2a3ce000 	/System/Library/Frameworks/CoreServices.framework/Versions/A/Frameworks/OSServices.framework/Versions/A/OSServices
0x00007fff2a851000 	/System/Library/Frameworks/CoreServices.framework/Versions/A/Frameworks/SearchKit.framework/Versions/A/SearchKit
0x00007fff26170000 	/System/Library/Frameworks/CoreServices.framework/Versions/A/Frameworks/AE.framework/Versions/A/AE
0x00007fff20855000 	/System/Library/Frameworks/CoreServices.framework/Versions/A/Frameworks/LaunchServices.framework/Versions/A/LaunchServices
0x00007fff2acdf000 	/System/Library/Frameworks/CoreServices.framework/Versions/A/Frameworks/DictionaryServices.framework/Versions/A/DictionaryServices
0x00007fff2739a000 	/System/Library/Frameworks/CoreServices.framework/Versions/A/Frameworks/SharedFileList.framework/Versions/A/SharedFileList
0x00007fff29e49000 	/usr/lib/libCheckFix.dylib
0x00007fff24ad6000 	/System/Library/PrivateFrameworks/TCC.framework/Versions/A/TCC
0x00007fff29244000 	/System/Library/PrivateFrameworks/CoreNLP.framework/Versions/A/CoreNLP
0x00007fff263a2000 	/System/Library/PrivateFrameworks/MetadataUtilities.framework/Versions/A/MetadataUtilities
0x00007fff20e63000 	/usr/lib/libmecabra.dylib
0x00007fff2a15d000 	/System/Library/Frameworks/MLCompute.framework/Versions/A/MLCompute
0x00007fff29e7e000 	/usr/lib/libmecab.dylib
0x00007fff29ec8000 	/usr/lib/libgermantok.dylib
0x00007fff2a8b9000 	/usr/lib/libThaiTokenizer.dylib
0x00007fff2ae7f000 	/usr/lib/libChineseTokenizer.dylib
0x00007fff2a90e000 	/System/Library/Frameworks/MetalPerformanceShaders.framework/Versions/A/MetalPerformanceShaders
0x00007fff26491000 	/System/Library/Frameworks/Accelerate.framework/Versions/A/Frameworks/vImage.framework/Versions/A/vImage
0x00007fff301c1000 	/System/Library/Frameworks/Accelerate.framework/Versions/A/Frameworks/vecLib.framework/Versions/A/vecLib
0x00007fff2ae8a000 	/System/Library/Frameworks/Accelerate.framework/Versions/A/Frameworks/vecLib.framework/Versions/A/libvMisc.dylib
0x00007fff298f4000 	/System/Library/Frameworks/Accelerate.framework/Versions/A/Frameworks/vecLib.framework/Versions/A/libvDSP.dylib
0x00007fff20b59000 	/System/Library/Frameworks/Accelerate.framework/Versions/A/Frameworks/vecLib.framework/Versions/A/libBLAS.dylib
0x00007fff2a934000 	/System/Library/Frameworks/Accelerate.framework/Versions/A/Frameworks/vecLib.framework/Versions/A/libLAPACK.dylib
0x00007fff29ece000 	/System/Library/Frameworks/Accelerate.framework/Versions/A/Frameworks/vecLib.framework/Versions/A/libLinearAlgebra.dylib
0x00007fff2a8fb000 	/System/Library/Frameworks/Accelerate.framework/Versions/A/Frameworks/vecLib.framework/Versions/A/libSparseBLAS.dylib
0x00007fff2a92e000 	/System/Library/Frameworks/Accelerate.framework/Versions/A/Frameworks/vecLib.framework/Versions/A/libQuadrature.dylib
0x00007fff292ec000 	/System/Library/Frameworks/Accelerate.framework/Versions/A/Frameworks/vecLib.framework/Versions/A/libBNNS.dylib
0x00007fff20d40000 	/System/Library/Frameworks/Accelerate.framework/Versions/A/Frameworks/vecLib.framework/Versions/A/libSparse.dylib
0x00007fff291d7000 	/System/Library/Frameworks/MetalPerformanceShaders.framework/Versions/A/Frameworks/MPSCore.framework/Versions/A/MPSCore
0x00007fff2a31a000 	/System/Library/Frameworks/MetalPerformanceShaders.framework/Versions/A/Frameworks/MPSImage.framework/Versions/A/MPSImage
0x00007fff29ee5000 	/System/Library/Frameworks/MetalPerformanceShaders.framework/Versions/A/Frameworks/MPSNeuralNetwork.framework/Versions/A/MPSNeuralNetwork
0x00007fff2a2a5000 	/System/Library/Frameworks/MetalPerformanceShaders.framework/Versions/A/Frameworks/MPSMatrix.framework/Versions/A/MPSMatrix
0x00007fff2a10d000 	/System/Library/Frameworks/MetalPerformanceShaders.framework/Versions/A/Frameworks/MPSRayIntersector.framework/Versions/A/MPSRayIntersector
0x00007fff2a2dc000 	/System/Library/Frameworks/MetalPerformanceShaders.framework/Versions/A/Frameworks/MPSNDArray.framework/Versions/A/MPSNDArray
0x00007fff20a85000 	/System/Library/PrivateFrameworks/MetalTools.framework/Versions/A/MetalTools
0x00007fff2923c000 	/System/Library/PrivateFrameworks/AggregateDictionary.framework/Versions/A/AggregateDictionary
0x00007fff2637a000 	/System/Library/PrivateFrameworks/CoreAnalytics.framework/Versions/A/CoreAnalytics
0x00007fff2a8bb000 	/System/Library/PrivateFrameworks/AppleSauce.framework/Versions/A/AppleSauce
0x00007fff28542000 	/System/Library/PrivateFrameworks/IOAccelerator.framework/Versions/A/IOAccelerator
0x00007fff6cb51000 	/System/Library/Frameworks/OpenGL.framework/Versions/A/Libraries/libCoreFSCache.dylib
0x00007fff213ff000 	/System/Library/PrivateFrameworks/LanguageModeling.framework/Versions/A/LanguageModeling
0x00007fff29a85000 	/System/Library/PrivateFrameworks/CoreEmoji.framework/Versions/A/CoreEmoji
0x00007fff292e5000 	/System/Library/PrivateFrameworks/LinguisticData.framework/Versions/A/LinguisticData
0x00007fff20cf2000 	/System/Library/PrivateFrameworks/Lexicon.framework/Versions/A/Lexicon
0x00007fff2a7cd000 	/usr/lib/libcmph.dylib
0x00007fff27371000 	/System/Library/Frameworks/OpenDirectory.framework/Versions/A/Frameworks/CFOpenDirectory.framework/Versions/A/CFOpenDirectory
0x00007fff27361000 	/System/Library/Frameworks/OpenDirectory.framework/Versions/A/OpenDirectory
0x00007fff2ad49000 	/System/Library/PrivateFrameworks/APFS.framework/Versions/A/APFS
0x00007fff29daa000 	/System/Library/Frameworks/SecurityFoundation.framework/Versions/A/SecurityFoundation
0x00007fff2ae52000 	/usr/lib/libutil.dylib
0x00007fff22a0d000 	/System/Library/PrivateFrameworks/CoreServicesStore.framework/Versions/A/CoreServicesStore
0x00007fff29e41000 	/System/Library/Frameworks/ServiceManagement.framework/Versions/A/ServiceManagement
0x00007fff2ae56000 	/usr/lib/libxslt.1.dylib
0x00007fff29e37000 	/System/Library/PrivateFrameworks/BackgroundTaskManagement.framework/Versions/A/BackgroundTaskManagement
0x00007fff2bf9a000 	/System/Library/Frameworks/ImageIO.framework/Versions/A/Resources/libRadiance.dylib
0x00007fff2bfa3000 	/System/Library/Frameworks/ImageIO.framework/Versions/A/Resources/libJPEG.dylib
0x00007fff2beef000 	/System/Library/Frameworks/ImageIO.framework/Versions/A/Resources/libPng.dylib
0x00007fff2bf16000 	/System/Library/Frameworks/ImageIO.framework/Versions/A/Resources/libTIFF.dylib
0x00007fff2bff8000 	/System/Library/Frameworks/ImageIO.framework/Versions/A/Resources/libGIF.dylib
0x00007fff2bc53000 	/System/Library/Frameworks/ImageIO.framework/Versions/A/Resources/libJP2.dylib
0x00007fff2b33d000 	/usr/lib/libexpat.1.dylib
0x00007fff2bc08000 	/System/Library/PrivateFrameworks/AppleJPEG.framework/Versions/A/AppleJPEG
0x00007fff28778000 	/System/Library/PrivateFrameworks/FontServices.framework/libFontParser.dylib
0x00007fff26124000 	/System/Library/PrivateFrameworks/RunningBoardServices.framework/Versions/A/RunningBoardServices
0x00007fff2bd31000 	/System/Library/PrivateFrameworks/WatchdogClient.framework/Versions/A/WatchdogClient
0x00007fff214ec000 	/System/Library/Frameworks/CoreDisplay.framework/Versions/A/CoreDisplay
0x00007fff2868e000 	/System/Library/Frameworks/CoreMedia.framework/Versions/A/CoreMedia
0x00007fff274ee000 	/System/Library/Frameworks/CoreVideo.framework/Versions/A/CoreVideo
0x00007fff2bd69000 	/System/Library/Frameworks/VideoToolbox.framework/Versions/A/VideoToolbox
0x00007fff260a2000 	/System/Library/PrivateFrameworks/BaseBoard.framework/Versions/A/BaseBoard
0x00007fff2b482000 	/System/Library/PrivateFrameworks/PersistentConnection.framework/Versions/A/PersistentConnection
0x00007fff25e3d000 	/System/Library/PrivateFrameworks/ProtocolBuffer.framework/Versions/A/ProtocolBuffer
0x00007fff26089000 	/System/Library/PrivateFrameworks/CommonUtilities.framework/Versions/A/CommonUtilities
0x00007fff2bb9d000 	/System/Library/PrivateFrameworks/Bom.framework/Versions/A/Bom
0x00007fff2bf93000 	/System/Library/PrivateFrameworks/GPUWrangler.framework/Versions/A/GPUWrangler
0x00007fff2bf76000 	/System/Library/PrivateFrameworks/IOPresentment.framework/Versions/A/IOPresentment
0x00007fff2bf9d000 	/System/Library/PrivateFrameworks/DSExternalDisplay.framework/Versions/A/DSExternalDisplay
0x00007fff2bffd000 	/System/Library/PrivateFrameworks/CMCaptureCore.framework/Versions/A/CMCaptureCore
0x00007fff2b922000 	/System/Library/PrivateFrameworks/AppServerSupport.framework/Versions/A/AppServerSupport
0x00007fff2d9d1000 	/System/Library/PrivateFrameworks/perfdata.framework/Versions/A/perfdata
0x00007fff29d99000 	/System/Library/PrivateFrameworks/AssertionServices.framework/Versions/A/AssertionServices
0x00007fff21623000 	/System/Library/PrivateFrameworks/AudioToolboxCore.framework/Versions/A/AudioToolboxCore
0x00007fff28671000 	/System/Library/PrivateFrameworks/caulk.framework/Versions/A/caulk
0x00007fff3d67c000 	/System/Library/PrivateFrameworks/SystemPolicy.framework/Versions/A/SystemPolicy
0x00007fff2b132000 	/usr/lib/libIOReport.dylib
0x00007fff2d1f3000 	/usr/lib/libSMC.dylib
0x00007fff2bebc000 	/usr/lib/libAudioToolboxUtility.dylib
0x00007fff3dfe6000 	/usr/lib/libmis.dylib
0x00007fff6cbad000 	/System/Library/Frameworks/OpenGL.framework/Versions/A/Libraries/libGLU.dylib
0x00007fff6cb70000 	/System/Library/Frameworks/OpenGL.framework/Versions/A/Libraries/libGFXShared.dylib
0x00007fff6cd7f000 	/System/Library/Frameworks/OpenGL.framework/Versions/A/Libraries/libGL.dylib
0x00007fff6cb79000 	/System/Library/Frameworks/OpenGL.framework/Versions/A/Libraries/libGLImage.dylib
0x00007fff6cb6d000 	/System/Library/Frameworks/OpenGL.framework/Versions/A/Libraries/libCVMSPluginSupport.dylib
0x00007fff6cb58000 	/System/Library/Frameworks/OpenGL.framework/Versions/A/Libraries/libCoreVMClient.dylib
0x00007fff6e1c0000 	/System/Library/Frameworks/OpenCL.framework/Versions/A/OpenCL
0x00007fff2b4ac000 	/System/Library/PrivateFrameworks/GraphVisualizer.framework/Versions/A/GraphVisualizer
0x00007fff2b4bb000 	/System/Library/PrivateFrameworks/FaceCore.framework/Versions/A/FaceCore
0x00007fff2b8d7000 	/System/Library/PrivateFrameworks/OTSVG.framework/Versions/A/OTSVG
0x00007fff270e5000 	/System/Library/Frameworks/ApplicationServices.framework/Versions/A/Frameworks/ATS.framework/Versions/A/Resources/libFontRegistry.dylib
0x00007fff2b929000 	/System/Library/PrivateFrameworks/FontServices.framework/libhvf.dylib
0x00007fff2b2e9000 	/System/Library/PrivateFrameworks/AppleVA.framework/Versions/A/AppleVA
0x00007fff2d03c000 	/System/Library/Frameworks/ApplicationServices.framework/Versions/A/Frameworks/ATS.framework/Versions/A/ATS
0x00007fff2d34e000 	/System/Library/Frameworks/ApplicationServices.framework/Versions/A/Frameworks/ColorSyncLegacy.framework/Versions/A/ColorSyncLegacy
0x00007fff25606000 	/System/Library/Frameworks/ApplicationServices.framework/Versions/A/Frameworks/HIServices.framework/Versions/A/HIServices
0x00007fff2d333000 	/System/Library/Frameworks/ApplicationServices.framework/Versions/A/Frameworks/LangAnalysis.framework/Versions/A/LangAnalysis
0x00007fff2c007000 	/System/Library/Frameworks/ApplicationServices.framework/Versions/A/Frameworks/PrintCore.framework/Versions/A/PrintCore
0x00007fff2d356000 	/System/Library/Frameworks/ApplicationServices.framework/Versions/A/Frameworks/QD.framework/Versions/A/QD
0x00007fff2d02c000 	/System/Library/Frameworks/ApplicationServices.framework/Versions/A/Frameworks/SpeechSynthesis.framework/Versions/A/SpeechSynthesis
0x00007fff2bfc8000 	/System/Library/Frameworks/ApplicationServices.framework/Versions/A/Frameworks/ATSUI.framework/Versions/A/ATSUI
0x00007fff2d2d3000 	/usr/lib/libcups.2.dylib
0x00007fff2d343000 	/System/Library/PrivateFrameworks/NetAuth.framework/Versions/A/NetAuth
0x00007fff2d9ed000 	/System/Library/Frameworks/Kerberos.framework/Versions/A/Kerberos
0x00007fff2d9fd000 	/System/Library/Frameworks/GSS.framework/Versions/A/GSS
0x00007fff2d0a8000 	/usr/lib/libresolv.9.dylib
0x00007fff2b93e000 	/System/Library/PrivateFrameworks/Heimdal.framework/Versions/A/Heimdal
0x00007fff33781000 	/System/Library/Frameworks/Kerberos.framework/Versions/A/Libraries/libHeimdalProxy.dylib
0x00007fff261f5000 	/System/Library/Frameworks/Network.framework/Versions/A/Network
0x00007fff2b357000 	/usr/lib/libheimdal-asn1.dylib
0x00007fff2da4d000 	/System/Library/PrivateFrameworks/CommonAuth.framework/Versions/A/CommonAuth
0x00007fff2753b000 	/System/Library/PrivateFrameworks/login.framework/Versions/A/Frameworks/loginsupport.framework/Versions/A/loginsupport
0x00007fff2cfb1000 	/System/Library/PrivateFrameworks/AudioSession.framework/Versions/A/AudioSession
0x00007fff2d019000 	/usr/lib/libAudioStatistics.dylib
0x00007fff2b3e4000 	/System/Library/PrivateFrameworks/MediaExperience.framework/Versions/A/MediaExperience
0x00007fff2ce4e000 	/System/Library/PrivateFrameworks/AudioSession.framework/libSessionUtility.dylib
0x00007fff2d9de000 	/usr/lib/libperfcheck.dylib
0x00007fff2d362000 	/System/Library/PrivateFrameworks/AudioResourceArbitration.framework/Versions/A/AudioResourceArbitration
0x00007fff2b361000 	/System/Library/PrivateFrameworks/IconFoundation.framework/Versions/A/IconFoundation
0x00007fff2fe8b000 	/System/Library/PrivateFrameworks/SpeechRecognitionCore.framework/Versions/A/SpeechRecognitionCore
0x00007fff5df87000 	/System/Library/CoreServices/Encodings/libKoreanConverter.dylib
0x000000010d800000 	/Library/Internet Plug-Ins/JavaAppletPlugin.plugin/Contents/Home/lib/server/libjvm.dylib
0x0000000109074000 	/Library/Internet Plug-Ins/JavaAppletPlugin.plugin/Contents/Home/lib/libverify.dylib
0x000000010909a000 	/Library/Internet Plug-Ins/JavaAppletPlugin.plugin/Contents/Home/lib/libjava.dylib
0x000000010915f000 	/Library/Internet Plug-Ins/JavaAppletPlugin.plugin/Contents/Home/lib/libzip.dylib

VM Arguments:
jvm_args: -Dfile.encoding=UTF-8 
java_command: exception.ExceptionTest
java_class_path (initial): /Users/kang-woosung/eclipse-workspace/javastudy/chapter03/target/classes
Launcher Type: SUN_STANDARD

Environment Variables:
PATH=/usr/bin:/bin:/usr/sbin:/sbin
SHELL=/bin/zsh

Signal Handlers:
SIGSEGV: [libjvm.dylib+0x5a1f9b], sa_mask[0]=11111111111111111111111111111111, sa_flags=SA_ONSTACK|SA_RESTART|SA_SIGINFO
SIGBUS: [libjvm.dylib+0x5a1f9b], sa_mask[0]=11111111111111111111111111111111, sa_flags=SA_RESTART|SA_SIGINFO
SIGFPE: [libjvm.dylib+0x492701], sa_mask[0]=11111111111111111111111111111111, sa_flags=SA_RESTART|SA_SIGINFO
SIGPIPE: [libjvm.dylib+0x492701], sa_mask[0]=11111111111111111111111111111111, sa_flags=SA_RESTART|SA_SIGINFO
SIGXFSZ: [libjvm.dylib+0x492701], sa_mask[0]=11111111111111111111111111111111, sa_flags=SA_RESTART|SA_SIGINFO
SIGILL: [libjvm.dylib+0x492701], sa_mask[0]=11111111111111111111111111111111, sa_flags=SA_RESTART|SA_SIGINFO
SIGUSR1: SIG_DFL, sa_mask[0]=00000000000000000000000000000000, sa_flags=none
SIGUSR2: [libjvm.dylib+0x492ffa], sa_mask[0]=00100000000000000000000000000000, sa_flags=SA_RESTART|SA_SIGINFO
SIGHUP: [libjvm.dylib+0x491209], sa_mask[0]=11111111111111111111111111111111, sa_flags=SA_RESTART|SA_SIGINFO
SIGINT: [libjvm.dylib+0x491209], sa_mask[0]=11111111111111111111111111111111, sa_flags=SA_RESTART|SA_SIGINFO
SIGTERM: [libjvm.dylib+0x491209], sa_mask[0]=11111111111111111111111111111111, sa_flags=SA_RESTART|SA_SIGINFO
SIGQUIT: [libjvm.dylib+0x491209], sa_mask[0]=11111111111111111111111111111111, sa_flags=SA_RESTART|SA_SIGINFO


---------------  S Y S T E M  ---------------

OS:Bsduname:Darwin 20.3.0 Darwin Kernel Version 20.3.0: Thu Jan 21 00:06:51 PST 2021; root:xnu-7195.81.3~1/RELEASE_ARM64_T8101 x86_64
rlimit: STACK 8176k, CORE 0k, NPROC 2666, NOFILE 10240, AS infinity
load average:1.79 1.55 1.48

CPU:total 8 (initial active 8) (1 cores per cpu, 1 threads per core) family 6 model 44 stepping 0, cmov, cx8, fxsr, mmx, sse, sse2, sse3, ssse3, sse4.1, sse4.2, popcnt, aes, clmul, tsc, tscinvbit, tscinv

Memory: 4k page, physical 16777216k(43512k free)

/proc/meminfo:


vm_info: Java HotSpot(TM) 64-Bit Server VM (25.281-b09) for bsd-amd64 JRE (1.8.0_281-b09), built on Dec  9 2020 12:44:49 by "java_re" with gcc 4.2.1 Compatible Apple LLVM 10.0.0 (clang-1000.11.45.5)

time: Thu Apr 29 19:00:51 2021
timezone: KST
elapsed time: 0.134803 seconds (0d 0h 0m 0s)

